<?xml version="1.0" encoding="UTF-8"?>
<testng-results ignored="0" total="25" passed="22" failed="3" skipped="0">
  <reporter-output>
    <line>
      <![CDATA[Welcome to loginpage]]>
    </line>
    <line>
      <![CDATA[Welcome to loginpage]]>
    </line>
    <line>
      <![CDATA[Welcome to loginpage]]>
    </line>
    <line>
      <![CDATA[Welcome to loginpage]]>
    </line>
  </reporter-output>
  <suite started-at="2024-03-26T01:37:59 IST" name="Default suite" finished-at="2024-03-26T01:46:58 IST" duration-ms="538531">
    <groups>
    </groups>
    <test started-at="2024-03-26T01:37:59 IST" name="Default test" finished-at="2024-03-26T01:46:58 IST" duration-ms="538531">
      <class name="testcases.TC_07_checkoutpagetest">
        <test-method is-config="true" signature="startup()[pri:0, instance:testcases.TC_07_checkoutpagetest@1e66f1f5]" started-at="2024-03-26T01:43:50 IST" name="startup" finished-at="2024-03-26T01:43:53 IST" duration-ms="2975" status="PASS">
          <reporter-output>
          </reporter-output>
        </test-method> <!-- startup -->
        <test-method signature="checkout_the_addingitems()[pri:0, instance:testcases.TC_07_checkoutpagetest@1e66f1f5]" started-at="2024-03-26T01:43:53 IST" name="checkout_the_addingitems" finished-at="2024-03-26T01:45:08 IST" duration-ms="75614" status="FAIL">
          <exception class="org.openqa.selenium.NoSuchElementException">
            <message>
              <![CDATA[no such element: Unable to locate element: {"method":"xpath","selector":"//input[@id="number"]"}
  (Session info: chrome=122.0.6261.131)
For documentation on this error, please visit: https://www.selenium.dev/documentation/webdriver/troubleshooting/errors#no-such-element-exception
Build info: version: '4.16.0', revision: '15400459dd*'
System info: os.name: 'Windows 10', os.arch: 'amd64', os.version: '10.0', java.version: '17.0.9'
Driver info: org.openqa.selenium.chrome.ChromeDriver
Command: [397a94859de7d15cd44004862d0076cd, findElement {using=xpath, value=//input[@id="number"]}]
Capabilities {acceptInsecureCerts: false, browserName: chrome, browserVersion: 122.0.6261.131, chrome: {chromedriverVersion: 122.0.6261.128 (f18a44fedeb..., userDataDir: C:\Users\USER\AppData\Local...}, fedcm:accounts: true, goog:chromeOptions: {debuggerAddress: localhost:58246}, networkConnectionEnabled: false, pageLoadStrategy: normal, platformName: windows, proxy: Proxy(), se:cdp: ws://localhost:58246/devtoo..., se:cdpVersion: 122.0.6261.131, setWindowRect: true, strictFileInteractability: false, timeouts: {implicit: 0, pageLoad: 300000, script: 30000}, unhandledPromptBehavior: dismiss and notify, webauthn:extension:credBlob: true, webauthn:extension:largeBlob: true, webauthn:extension:minPinLength: true, webauthn:extension:prf: true, webauthn:virtualAuthenticators: true}
Session ID: 397a94859de7d15cd44004862d0076cd]]>
            </message>
            <full-stacktrace>
              <![CDATA[org.openqa.selenium.NoSuchElementException: no such element: Unable to locate element: {"method":"xpath","selector":"//input[@id="number"]"}
  (Session info: chrome=122.0.6261.131)
For documentation on this error, please visit: https://www.selenium.dev/documentation/webdriver/troubleshooting/errors#no-such-element-exception
Build info: version: '4.16.0', revision: '15400459dd*'
System info: os.name: 'Windows 10', os.arch: 'amd64', os.version: '10.0', java.version: '17.0.9'
Driver info: org.openqa.selenium.chrome.ChromeDriver
Command: [397a94859de7d15cd44004862d0076cd, findElement {using=xpath, value=//input[@id="number"]}]
Capabilities {acceptInsecureCerts: false, browserName: chrome, browserVersion: 122.0.6261.131, chrome: {chromedriverVersion: 122.0.6261.128 (f18a44fedeb..., userDataDir: C:\Users\USER\AppData\Local...}, fedcm:accounts: true, goog:chromeOptions: {debuggerAddress: localhost:58246}, networkConnectionEnabled: false, pageLoadStrategy: normal, platformName: windows, proxy: Proxy(), se:cdp: ws://localhost:58246/devtoo..., se:cdpVersion: 122.0.6261.131, setWindowRect: true, strictFileInteractability: false, timeouts: {implicit: 0, pageLoad: 300000, script: 30000}, unhandledPromptBehavior: dismiss and notify, webauthn:extension:credBlob: true, webauthn:extension:largeBlob: true, webauthn:extension:minPinLength: true, webauthn:extension:prf: true, webauthn:virtualAuthenticators: true}
Session ID: 397a94859de7d15cd44004862d0076cd
at java.base/jdk.internal.reflect.NativeConstructorAccessorImpl.newInstance0(Native Method)
at java.base/jdk.internal.reflect.NativeConstructorAccessorImpl.newInstance(NativeConstructorAccessorImpl.java:77)
at java.base/jdk.internal.reflect.DelegatingConstructorAccessorImpl.newInstance(DelegatingConstructorAccessorImpl.java:45)
at java.base/java.lang.reflect.Constructor.newInstanceWithCaller(Constructor.java:499)
at java.base/java.lang.reflect.Constructor.newInstance(Constructor.java:480)
at org.openqa.selenium.remote.codec.w3c.W3CHttpResponseCodec.createException(W3CHttpResponseCodec.java:200)
at org.openqa.selenium.remote.codec.w3c.W3CHttpResponseCodec.decode(W3CHttpResponseCodec.java:133)
at org.openqa.selenium.remote.codec.w3c.W3CHttpResponseCodec.decode(W3CHttpResponseCodec.java:52)
at org.openqa.selenium.remote.HttpCommandExecutor.execute(HttpCommandExecutor.java:191)
at org.openqa.selenium.remote.service.DriverCommandExecutor.invokeExecute(DriverCommandExecutor.java:200)
at org.openqa.selenium.remote.service.DriverCommandExecutor.execute(DriverCommandExecutor.java:175)
at org.openqa.selenium.remote.RemoteWebDriver.execute(RemoteWebDriver.java:523)
at org.openqa.selenium.remote.ElementLocation$ElementFinder$2.findElement(ElementLocation.java:165)
at org.openqa.selenium.remote.ElementLocation.findElement(ElementLocation.java:59)
at org.openqa.selenium.remote.RemoteWebDriver.findElement(RemoteWebDriver.java:360)
at org.openqa.selenium.remote.RemoteWebDriver.findElement(RemoteWebDriver.java:354)
at org.openqa.selenium.support.pagefactory.DefaultElementLocator.findElement(DefaultElementLocator.java:68)
at org.openqa.selenium.support.pagefactory.internal.LocatingElementHandler.invoke(LocatingElementHandler.java:38)
at jdk.proxy2/jdk.proxy2.$Proxy15.sendKeys(Unknown Source)
at pageobjects.Shoppingcartpage.getcard_details(Shoppingcartpage.java:230)
at testcases.TC_07_checkoutpagetest.checkout_the_addingitems(TC_07_checkoutpagetest.java:39)
at java.base/jdk.internal.reflect.NativeMethodAccessorImpl.invoke0(Native Method)
at java.base/jdk.internal.reflect.NativeMethodAccessorImpl.invoke(NativeMethodAccessorImpl.java:77)
at java.base/jdk.internal.reflect.DelegatingMethodAccessorImpl.invoke(DelegatingMethodAccessorImpl.java:43)
at java.base/java.lang.reflect.Method.invoke(Method.java:568)
at org.testng.internal.invokers.MethodInvocationHelper.invokeMethod(MethodInvocationHelper.java:139)
at org.testng.internal.invokers.TestInvoker.invokeMethod(TestInvoker.java:664)
at org.testng.internal.invokers.TestInvoker.invokeTestMethod(TestInvoker.java:227)
at org.testng.internal.invokers.MethodRunner.runInSequence(MethodRunner.java:50)
at org.testng.internal.invokers.TestInvoker$MethodInvocationAgent.invoke(TestInvoker.java:957)
at org.testng.internal.invokers.TestInvoker.invokeTestMethods(TestInvoker.java:200)
at org.testng.internal.invokers.TestMethodWorker.invokeTestMethods(TestMethodWorker.java:148)
at org.testng.internal.invokers.TestMethodWorker.run(TestMethodWorker.java:128)
at java.base/java.util.ArrayList.forEach(ArrayList.java:1511)
at org.testng.TestRunner.privateRun(TestRunner.java:848)
at org.testng.TestRunner.run(TestRunner.java:621)
at org.testng.SuiteRunner.runTest(SuiteRunner.java:443)
at org.testng.SuiteRunner.runSequentially(SuiteRunner.java:437)
at org.testng.SuiteRunner.privateRun(SuiteRunner.java:397)
at org.testng.SuiteRunner.run(SuiteRunner.java:336)
at org.testng.SuiteRunnerWorker.runSuite(SuiteRunnerWorker.java:52)
at org.testng.SuiteRunnerWorker.run(SuiteRunnerWorker.java:95)
at org.testng.TestNG.runSuitesSequentially(TestNG.java:1280)
at org.testng.TestNG.runSuitesLocally(TestNG.java:1200)
at org.testng.TestNG.runSuites(TestNG.java:1114)
at org.testng.TestNG.run(TestNG.java:1082)
at org.testng.remote.AbstractRemoteTestNG.run(AbstractRemoteTestNG.java:115)
at org.testng.remote.RemoteTestNG.initAndRun(RemoteTestNG.java:251)
at org.testng.remote.RemoteTestNG.main(RemoteTestNG.java:77)
]]>
            </full-stacktrace>
          </exception> <!-- org.openqa.selenium.NoSuchElementException -->
          <reporter-output>
          </reporter-output>
        </test-method> <!-- checkout_the_addingitems -->
        <test-method is-config="true" signature="close()[pri:0, instance:testcases.TC_07_checkoutpagetest@1e66f1f5]" started-at="2024-03-26T01:45:08 IST" name="close" finished-at="2024-03-26T01:45:09 IST" duration-ms="1206" status="PASS">
          <reporter-output>
          </reporter-output>
        </test-method> <!-- close -->
      </class> <!-- testcases.TC_07_checkoutpagetest -->
      <class name="testcases.TC_06_Shoppingcarttest">
        <test-method is-config="true" signature="startup()[pri:0, instance:testcases.TC_06_Shoppingcarttest@17f7cd29]" started-at="2024-03-26T01:38:00 IST" name="startup" finished-at="2024-03-26T01:38:03 IST" duration-ms="3414" status="PASS">
          <reporter-output>
          </reporter-output>
        </test-method> <!-- startup -->
        <test-method signature="checkout_the_addingitems()[pri:0, instance:testcases.TC_06_Shoppingcarttest@17f7cd29]" started-at="2024-03-26T01:38:03 IST" name="checkout_the_addingitems" finished-at="2024-03-26T01:38:56 IST" duration-ms="52676" status="FAIL">
          <exception class="org.openqa.selenium.NoSuchElementException">
            <message>
              <![CDATA[no such element: Unable to locate element: {"method":"xpath","selector":"//button[@class="btn btn-lg btn-block btn-primary"]"}
  (Session info: chrome=122.0.6261.131)
For documentation on this error, please visit: https://www.selenium.dev/documentation/webdriver/troubleshooting/errors#no-such-element-exception
Build info: version: '4.16.0', revision: '15400459dd*'
System info: os.name: 'Windows 10', os.arch: 'amd64', os.version: '10.0', java.version: '17.0.9'
Driver info: org.openqa.selenium.chrome.ChromeDriver
Command: [64b6ddebd858b418de832e1a42817384, findElement {using=xpath, value=//button[@class="btn btn-lg btn-block btn-primary"]}]
Capabilities {acceptInsecureCerts: false, browserName: chrome, browserVersion: 122.0.6261.131, chrome: {chromedriverVersion: 122.0.6261.128 (f18a44fedeb..., userDataDir: C:\Users\USER\AppData\Local...}, fedcm:accounts: true, goog:chromeOptions: {debuggerAddress: localhost:56428}, networkConnectionEnabled: false, pageLoadStrategy: normal, platformName: windows, proxy: Proxy(), se:cdp: ws://localhost:56428/devtoo..., se:cdpVersion: 122.0.6261.131, setWindowRect: true, strictFileInteractability: false, timeouts: {implicit: 0, pageLoad: 300000, script: 30000}, unhandledPromptBehavior: dismiss and notify, webauthn:extension:credBlob: true, webauthn:extension:largeBlob: true, webauthn:extension:minPinLength: true, webauthn:extension:prf: true, webauthn:virtualAuthenticators: true}
Session ID: 64b6ddebd858b418de832e1a42817384]]>
            </message>
            <full-stacktrace>
              <![CDATA[org.openqa.selenium.NoSuchElementException: no such element: Unable to locate element: {"method":"xpath","selector":"//button[@class="btn btn-lg btn-block btn-primary"]"}
  (Session info: chrome=122.0.6261.131)
For documentation on this error, please visit: https://www.selenium.dev/documentation/webdriver/troubleshooting/errors#no-such-element-exception
Build info: version: '4.16.0', revision: '15400459dd*'
System info: os.name: 'Windows 10', os.arch: 'amd64', os.version: '10.0', java.version: '17.0.9'
Driver info: org.openqa.selenium.chrome.ChromeDriver
Command: [64b6ddebd858b418de832e1a42817384, findElement {using=xpath, value=//button[@class="btn btn-lg btn-block btn-primary"]}]
Capabilities {acceptInsecureCerts: false, browserName: chrome, browserVersion: 122.0.6261.131, chrome: {chromedriverVersion: 122.0.6261.128 (f18a44fedeb..., userDataDir: C:\Users\USER\AppData\Local...}, fedcm:accounts: true, goog:chromeOptions: {debuggerAddress: localhost:56428}, networkConnectionEnabled: false, pageLoadStrategy: normal, platformName: windows, proxy: Proxy(), se:cdp: ws://localhost:56428/devtoo..., se:cdpVersion: 122.0.6261.131, setWindowRect: true, strictFileInteractability: false, timeouts: {implicit: 0, pageLoad: 300000, script: 30000}, unhandledPromptBehavior: dismiss and notify, webauthn:extension:credBlob: true, webauthn:extension:largeBlob: true, webauthn:extension:minPinLength: true, webauthn:extension:prf: true, webauthn:virtualAuthenticators: true}
Session ID: 64b6ddebd858b418de832e1a42817384
at java.base/jdk.internal.reflect.NativeConstructorAccessorImpl.newInstance0(Native Method)
at java.base/jdk.internal.reflect.NativeConstructorAccessorImpl.newInstance(NativeConstructorAccessorImpl.java:77)
at java.base/jdk.internal.reflect.DelegatingConstructorAccessorImpl.newInstance(DelegatingConstructorAccessorImpl.java:45)
at java.base/java.lang.reflect.Constructor.newInstanceWithCaller(Constructor.java:499)
at java.base/java.lang.reflect.Constructor.newInstance(Constructor.java:480)
at org.openqa.selenium.remote.codec.w3c.W3CHttpResponseCodec.createException(W3CHttpResponseCodec.java:200)
at org.openqa.selenium.remote.codec.w3c.W3CHttpResponseCodec.decode(W3CHttpResponseCodec.java:133)
at org.openqa.selenium.remote.codec.w3c.W3CHttpResponseCodec.decode(W3CHttpResponseCodec.java:52)
at org.openqa.selenium.remote.HttpCommandExecutor.execute(HttpCommandExecutor.java:191)
at org.openqa.selenium.remote.service.DriverCommandExecutor.invokeExecute(DriverCommandExecutor.java:200)
at org.openqa.selenium.remote.service.DriverCommandExecutor.execute(DriverCommandExecutor.java:175)
at org.openqa.selenium.remote.RemoteWebDriver.execute(RemoteWebDriver.java:523)
at org.openqa.selenium.remote.ElementLocation$ElementFinder$2.findElement(ElementLocation.java:165)
at org.openqa.selenium.remote.ElementLocation.findElement(ElementLocation.java:59)
at org.openqa.selenium.remote.RemoteWebDriver.findElement(RemoteWebDriver.java:360)
at org.openqa.selenium.remote.RemoteWebDriver.findElement(RemoteWebDriver.java:354)
at org.openqa.selenium.support.pagefactory.DefaultElementLocator.findElement(DefaultElementLocator.java:68)
at org.openqa.selenium.support.pagefactory.internal.LocatingElementHandler.invoke(LocatingElementHandler.java:38)
at jdk.proxy2/jdk.proxy2.$Proxy15.click(Unknown Source)
at pageobjects.Shoppingcartpage.Clickcheckout(Shoppingcartpage.java:139)
at testcases.TC_06_Shoppingcarttest.checkout_the_addingitems(TC_06_Shoppingcarttest.java:39)
at java.base/jdk.internal.reflect.NativeMethodAccessorImpl.invoke0(Native Method)
at java.base/jdk.internal.reflect.NativeMethodAccessorImpl.invoke(NativeMethodAccessorImpl.java:77)
at java.base/jdk.internal.reflect.DelegatingMethodAccessorImpl.invoke(DelegatingMethodAccessorImpl.java:43)
at java.base/java.lang.reflect.Method.invoke(Method.java:568)
at org.testng.internal.invokers.MethodInvocationHelper.invokeMethod(MethodInvocationHelper.java:139)
at org.testng.internal.invokers.TestInvoker.invokeMethod(TestInvoker.java:664)
at org.testng.internal.invokers.TestInvoker.invokeTestMethod(TestInvoker.java:227)
at org.testng.internal.invokers.MethodRunner.runInSequence(MethodRunner.java:50)
at org.testng.internal.invokers.TestInvoker$MethodInvocationAgent.invoke(TestInvoker.java:957)
at org.testng.internal.invokers.TestInvoker.invokeTestMethods(TestInvoker.java:200)
at org.testng.internal.invokers.TestMethodWorker.invokeTestMethods(TestMethodWorker.java:148)
at org.testng.internal.invokers.TestMethodWorker.run(TestMethodWorker.java:128)
at java.base/java.util.ArrayList.forEach(ArrayList.java:1511)
at org.testng.TestRunner.privateRun(TestRunner.java:848)
at org.testng.TestRunner.run(TestRunner.java:621)
at org.testng.SuiteRunner.runTest(SuiteRunner.java:443)
at org.testng.SuiteRunner.runSequentially(SuiteRunner.java:437)
at org.testng.SuiteRunner.privateRun(SuiteRunner.java:397)
at org.testng.SuiteRunner.run(SuiteRunner.java:336)
at org.testng.SuiteRunnerWorker.runSuite(SuiteRunnerWorker.java:52)
at org.testng.SuiteRunnerWorker.run(SuiteRunnerWorker.java:95)
at org.testng.TestNG.runSuitesSequentially(TestNG.java:1280)
at org.testng.TestNG.runSuitesLocally(TestNG.java:1200)
at org.testng.TestNG.runSuites(TestNG.java:1114)
at org.testng.TestNG.run(TestNG.java:1082)
at org.testng.remote.AbstractRemoteTestNG.run(AbstractRemoteTestNG.java:115)
at org.testng.remote.RemoteTestNG.initAndRun(RemoteTestNG.java:251)
at org.testng.remote.RemoteTestNG.main(RemoteTestNG.java:77)
]]>
            </full-stacktrace>
          </exception> <!-- org.openqa.selenium.NoSuchElementException -->
          <reporter-output>
          </reporter-output>
        </test-method> <!-- checkout_the_addingitems -->
        <test-method is-config="true" signature="close()[pri:0, instance:testcases.TC_06_Shoppingcarttest@17f7cd29]" started-at="2024-03-26T01:38:56 IST" name="close" finished-at="2024-03-26T01:38:56 IST" duration-ms="712" status="PASS">
          <reporter-output>
          </reporter-output>
        </test-method> <!-- close -->
        <test-method is-config="true" signature="startup()[pri:0, instance:testcases.TC_06_Shoppingcarttest@17f7cd29]" started-at="2024-03-26T01:38:56 IST" name="startup" finished-at="2024-03-26T01:39:00 IST" duration-ms="3328" status="PASS">
          <reporter-output>
          </reporter-output>
        </test-method> <!-- startup -->
        <test-method signature="search_additemto_cart()[pri:0, instance:testcases.TC_06_Shoppingcarttest@17f7cd29]" started-at="2024-03-26T01:39:00 IST" name="search_additemto_cart" finished-at="2024-03-26T01:39:18 IST" duration-ms="18180" status="PASS">
          <reporter-output>
          </reporter-output>
        </test-method> <!-- search_additemto_cart -->
        <test-method is-config="true" signature="close()[pri:0, instance:testcases.TC_06_Shoppingcarttest@17f7cd29]" started-at="2024-03-26T01:39:18 IST" name="close" finished-at="2024-03-26T01:39:19 IST" duration-ms="654" status="PASS">
          <reporter-output>
          </reporter-output>
        </test-method> <!-- close -->
      </class> <!-- testcases.TC_06_Shoppingcarttest -->
      <class name="testcases.TC_06a_shopbybrand">
        <test-method is-config="true" signature="startup()[pri:0, instance:testcases.TC_06a_shopbybrand@7d8704ef]" started-at="2024-03-26T01:39:19 IST" name="startup" finished-at="2024-03-26T01:39:21 IST" duration-ms="2332" status="PASS">
          <reporter-output>
          </reporter-output>
        </test-method> <!-- startup -->
        <test-method signature="additem_shobby_brand()[pri:0, instance:testcases.TC_06a_shopbybrand@7d8704ef]" started-at="2024-03-26T01:39:21 IST" name="additem_shobby_brand" finished-at="2024-03-26T01:39:55 IST" duration-ms="33944" status="PASS">
          <reporter-output>
          </reporter-output>
        </test-method> <!-- additem_shobby_brand -->
        <test-method is-config="true" signature="close()[pri:0, instance:testcases.TC_06a_shopbybrand@7d8704ef]" started-at="2024-03-26T01:39:55 IST" name="close" finished-at="2024-03-26T01:39:56 IST" duration-ms="920" status="PASS">
          <reporter-output>
          </reporter-output>
        </test-method> <!-- close -->
      </class> <!-- testcases.TC_06a_shopbybrand -->
      <class name="testcases.TC_01_Homepagetest">
        <test-method is-config="true" signature="startup()[pri:0, instance:testcases.TC_01_Homepagetest@747f281]" started-at="2024-03-26T01:45:09 IST" name="startup" finished-at="2024-03-26T01:45:12 IST" duration-ms="2641" status="PASS">
          <reporter-output>
          </reporter-output>
        </test-method> <!-- startup -->
        <test-method signature="Pickup()[pri:0, instance:testcases.TC_01_Homepagetest@747f281]" started-at="2024-03-26T01:45:12 IST" name="Pickup" finished-at="2024-03-26T01:45:18 IST" duration-ms="6274" status="PASS">
          <reporter-output>
          </reporter-output>
        </test-method> <!-- Pickup -->
        <test-method is-config="true" signature="close()[pri:0, instance:testcases.TC_01_Homepagetest@747f281]" started-at="2024-03-26T01:45:18 IST" name="close" finished-at="2024-03-26T01:45:19 IST" duration-ms="812" status="PASS">
          <reporter-output>
          </reporter-output>
        </test-method> <!-- close -->
        <test-method is-config="true" signature="startup()[pri:0, instance:testcases.TC_01_Homepagetest@747f281]" started-at="2024-03-26T01:45:19 IST" name="startup" finished-at="2024-03-26T01:45:22 IST" duration-ms="2434" status="PASS">
          <reporter-output>
          </reporter-output>
        </test-method> <!-- startup -->
        <test-method signature="Return_Exchange()[pri:0, instance:testcases.TC_01_Homepagetest@747f281]" started-at="2024-03-26T01:45:22 IST" name="Return_Exchange" finished-at="2024-03-26T01:45:29 IST" duration-ms="7310" status="PASS">
          <reporter-output>
          </reporter-output>
        </test-method> <!-- Return_Exchange -->
        <test-method is-config="true" signature="close()[pri:0, instance:testcases.TC_01_Homepagetest@747f281]" started-at="2024-03-26T01:45:29 IST" name="close" finished-at="2024-03-26T01:45:30 IST" duration-ms="809" status="PASS">
          <reporter-output>
          </reporter-output>
        </test-method> <!-- close -->
        <test-method is-config="true" signature="startup()[pri:0, instance:testcases.TC_01_Homepagetest@747f281]" started-at="2024-03-26T01:45:30 IST" name="startup" finished-at="2024-03-26T01:45:32 IST" duration-ms="2016" status="PASS">
          <reporter-output>
          </reporter-output>
        </test-method> <!-- startup -->
        <test-method signature="checkorderstatus()[pri:0, instance:testcases.TC_01_Homepagetest@747f281]" started-at="2024-03-26T01:45:32 IST" name="checkorderstatus" finished-at="2024-03-26T01:45:39 IST" duration-ms="7694" status="PASS">
          <reporter-output>
          </reporter-output>
        </test-method> <!-- checkorderstatus -->
        <test-method is-config="true" signature="close()[pri:0, instance:testcases.TC_01_Homepagetest@747f281]" started-at="2024-03-26T01:45:39 IST" name="close" finished-at="2024-03-26T01:45:40 IST" duration-ms="421" status="PASS">
          <reporter-output>
          </reporter-output>
        </test-method> <!-- close -->
        <test-method is-config="true" signature="startup()[pri:0, instance:testcases.TC_01_Homepagetest@747f281]" started-at="2024-03-26T01:45:40 IST" name="startup" finished-at="2024-03-26T01:45:43 IST" duration-ms="3206" status="PASS">
          <reporter-output>
          </reporter-output>
        </test-method> <!-- startup -->
        <test-method signature="searchmob_click()[pri:0, instance:testcases.TC_01_Homepagetest@747f281]" started-at="2024-03-26T01:45:43 IST" name="searchmob_click" finished-at="2024-03-26T01:46:00 IST" duration-ms="17107" status="FAIL">
          <exception class="org.openqa.selenium.NoSuchElementException">
            <message>
              <![CDATA[no such element: Unable to locate element: {"method":"xpath","selector":"//div[@class="row remove-margin full-bleed-row"]//div[6]"}
  (Session info: chrome=122.0.6261.131)
For documentation on this error, please visit: https://www.selenium.dev/documentation/webdriver/troubleshooting/errors#no-such-element-exception
Build info: version: '4.16.0', revision: '15400459dd*'
System info: os.name: 'Windows 10', os.arch: 'amd64', os.version: '10.0', java.version: '17.0.9'
Driver info: org.openqa.selenium.chrome.ChromeDriver
Command: [f4bfc444529755e7a46e0c1e80fce2f7, findElement {using=xpath, value=//div[@class="row remove-margin full-bleed-row"]//div[6]}]
Capabilities {acceptInsecureCerts: false, browserName: chrome, browserVersion: 122.0.6261.131, chrome: {chromedriverVersion: 122.0.6261.128 (f18a44fedeb..., userDataDir: C:\Users\USER\AppData\Local...}, fedcm:accounts: true, goog:chromeOptions: {debuggerAddress: localhost:58739}, networkConnectionEnabled: false, pageLoadStrategy: normal, platformName: windows, proxy: Proxy(), se:cdp: ws://localhost:58739/devtoo..., se:cdpVersion: 122.0.6261.131, setWindowRect: true, strictFileInteractability: false, timeouts: {implicit: 0, pageLoad: 300000, script: 30000}, unhandledPromptBehavior: dismiss and notify, webauthn:extension:credBlob: true, webauthn:extension:largeBlob: true, webauthn:extension:minPinLength: true, webauthn:extension:prf: true, webauthn:virtualAuthenticators: true}
Session ID: f4bfc444529755e7a46e0c1e80fce2f7]]>
            </message>
            <full-stacktrace>
              <![CDATA[org.openqa.selenium.NoSuchElementException: no such element: Unable to locate element: {"method":"xpath","selector":"//div[@class="row remove-margin full-bleed-row"]//div[6]"}
  (Session info: chrome=122.0.6261.131)
For documentation on this error, please visit: https://www.selenium.dev/documentation/webdriver/troubleshooting/errors#no-such-element-exception
Build info: version: '4.16.0', revision: '15400459dd*'
System info: os.name: 'Windows 10', os.arch: 'amd64', os.version: '10.0', java.version: '17.0.9'
Driver info: org.openqa.selenium.chrome.ChromeDriver
Command: [f4bfc444529755e7a46e0c1e80fce2f7, findElement {using=xpath, value=//div[@class="row remove-margin full-bleed-row"]//div[6]}]
Capabilities {acceptInsecureCerts: false, browserName: chrome, browserVersion: 122.0.6261.131, chrome: {chromedriverVersion: 122.0.6261.128 (f18a44fedeb..., userDataDir: C:\Users\USER\AppData\Local...}, fedcm:accounts: true, goog:chromeOptions: {debuggerAddress: localhost:58739}, networkConnectionEnabled: false, pageLoadStrategy: normal, platformName: windows, proxy: Proxy(), se:cdp: ws://localhost:58739/devtoo..., se:cdpVersion: 122.0.6261.131, setWindowRect: true, strictFileInteractability: false, timeouts: {implicit: 0, pageLoad: 300000, script: 30000}, unhandledPromptBehavior: dismiss and notify, webauthn:extension:credBlob: true, webauthn:extension:largeBlob: true, webauthn:extension:minPinLength: true, webauthn:extension:prf: true, webauthn:virtualAuthenticators: true}
Session ID: f4bfc444529755e7a46e0c1e80fce2f7
at java.base/jdk.internal.reflect.NativeConstructorAccessorImpl.newInstance0(Native Method)
at java.base/jdk.internal.reflect.NativeConstructorAccessorImpl.newInstance(NativeConstructorAccessorImpl.java:77)
at java.base/jdk.internal.reflect.DelegatingConstructorAccessorImpl.newInstance(DelegatingConstructorAccessorImpl.java:45)
at java.base/java.lang.reflect.Constructor.newInstanceWithCaller(Constructor.java:499)
at java.base/java.lang.reflect.Constructor.newInstance(Constructor.java:480)
at org.openqa.selenium.remote.codec.w3c.W3CHttpResponseCodec.createException(W3CHttpResponseCodec.java:200)
at org.openqa.selenium.remote.codec.w3c.W3CHttpResponseCodec.decode(W3CHttpResponseCodec.java:133)
at org.openqa.selenium.remote.codec.w3c.W3CHttpResponseCodec.decode(W3CHttpResponseCodec.java:52)
at org.openqa.selenium.remote.HttpCommandExecutor.execute(HttpCommandExecutor.java:191)
at org.openqa.selenium.remote.service.DriverCommandExecutor.invokeExecute(DriverCommandExecutor.java:200)
at org.openqa.selenium.remote.service.DriverCommandExecutor.execute(DriverCommandExecutor.java:175)
at org.openqa.selenium.remote.RemoteWebDriver.execute(RemoteWebDriver.java:523)
at org.openqa.selenium.remote.ElementLocation$ElementFinder$2.findElement(ElementLocation.java:165)
at org.openqa.selenium.remote.ElementLocation.findElement(ElementLocation.java:59)
at org.openqa.selenium.remote.RemoteWebDriver.findElement(RemoteWebDriver.java:360)
at org.openqa.selenium.remote.RemoteWebDriver.findElement(RemoteWebDriver.java:354)
at org.openqa.selenium.support.pagefactory.DefaultElementLocator.findElement(DefaultElementLocator.java:68)
at org.openqa.selenium.support.pagefactory.internal.LocatingElementHandler.invoke(LocatingElementHandler.java:38)
at jdk.proxy2/jdk.proxy2.$Proxy15.isDisplayed(Unknown Source)
at pageobjects.Homepage.click_searchmob(Homepage.java:68)
at testcases.TC_01_Homepagetest.searchmob_click(TC_01_Homepagetest.java:29)
at java.base/jdk.internal.reflect.NativeMethodAccessorImpl.invoke0(Native Method)
at java.base/jdk.internal.reflect.NativeMethodAccessorImpl.invoke(NativeMethodAccessorImpl.java:77)
at java.base/jdk.internal.reflect.DelegatingMethodAccessorImpl.invoke(DelegatingMethodAccessorImpl.java:43)
at java.base/java.lang.reflect.Method.invoke(Method.java:568)
at org.testng.internal.invokers.MethodInvocationHelper.invokeMethod(MethodInvocationHelper.java:139)
at org.testng.internal.invokers.TestInvoker.invokeMethod(TestInvoker.java:664)
at org.testng.internal.invokers.TestInvoker.invokeTestMethod(TestInvoker.java:227)
at org.testng.internal.invokers.MethodRunner.runInSequence(MethodRunner.java:50)
at org.testng.internal.invokers.TestInvoker$MethodInvocationAgent.invoke(TestInvoker.java:957)
at org.testng.internal.invokers.TestInvoker.invokeTestMethods(TestInvoker.java:200)
at org.testng.internal.invokers.TestMethodWorker.invokeTestMethods(TestMethodWorker.java:148)
at org.testng.internal.invokers.TestMethodWorker.run(TestMethodWorker.java:128)
at java.base/java.util.ArrayList.forEach(ArrayList.java:1511)
at org.testng.TestRunner.privateRun(TestRunner.java:848)
at org.testng.TestRunner.run(TestRunner.java:621)
at org.testng.SuiteRunner.runTest(SuiteRunner.java:443)
at org.testng.SuiteRunner.runSequentially(SuiteRunner.java:437)
at org.testng.SuiteRunner.privateRun(SuiteRunner.java:397)
at org.testng.SuiteRunner.run(SuiteRunner.java:336)
at org.testng.SuiteRunnerWorker.runSuite(SuiteRunnerWorker.java:52)
at org.testng.SuiteRunnerWorker.run(SuiteRunnerWorker.java:95)
at org.testng.TestNG.runSuitesSequentially(TestNG.java:1280)
at org.testng.TestNG.runSuitesLocally(TestNG.java:1200)
at org.testng.TestNG.runSuites(TestNG.java:1114)
at org.testng.TestNG.run(TestNG.java:1082)
at org.testng.remote.AbstractRemoteTestNG.run(AbstractRemoteTestNG.java:115)
at org.testng.remote.RemoteTestNG.initAndRun(RemoteTestNG.java:251)
at org.testng.remote.RemoteTestNG.main(RemoteTestNG.java:77)
]]>
            </full-stacktrace>
          </exception> <!-- org.openqa.selenium.NoSuchElementException -->
          <reporter-output>
          </reporter-output>
        </test-method> <!-- searchmob_click -->
        <test-method is-config="true" signature="close()[pri:0, instance:testcases.TC_01_Homepagetest@747f281]" started-at="2024-03-26T01:46:00 IST" name="close" finished-at="2024-03-26T01:46:01 IST" duration-ms="549" status="PASS">
          <reporter-output>
          </reporter-output>
        </test-method> <!-- close -->
        <test-method is-config="true" signature="startup()[pri:0, instance:testcases.TC_01_Homepagetest@747f281]" started-at="2024-03-26T01:46:01 IST" name="startup" finished-at="2024-03-26T01:46:05 IST" duration-ms="4089" status="PASS">
          <reporter-output>
          </reporter-output>
        </test-method> <!-- startup -->
        <test-method signature="verify_allmenuitems_on_homepage()[pri:0, instance:testcases.TC_01_Homepagetest@747f281]" started-at="2024-03-26T01:46:05 IST" name="verify_allmenuitems_on_homepage" finished-at="2024-03-26T01:46:17 IST" duration-ms="11820" status="PASS">
          <reporter-output>
          </reporter-output>
        </test-method> <!-- verify_allmenuitems_on_homepage -->
        <test-method is-config="true" signature="close()[pri:0, instance:testcases.TC_01_Homepagetest@747f281]" started-at="2024-03-26T01:46:17 IST" name="close" finished-at="2024-03-26T01:46:17 IST" duration-ms="737" status="PASS">
          <reporter-output>
          </reporter-output>
        </test-method> <!-- close -->
        <test-method is-config="true" signature="startup()[pri:0, instance:testcases.TC_01_Homepagetest@747f281]" started-at="2024-03-26T01:46:17 IST" name="startup" finished-at="2024-03-26T01:46:20 IST" duration-ms="2511" status="PASS">
          <reporter-output>
          </reporter-output>
        </test-method> <!-- startup -->
        <test-method signature="verify_recentlyviewed_Title()[pri:0, instance:testcases.TC_01_Homepagetest@747f281]" started-at="2024-03-26T01:46:20 IST" name="verify_recentlyviewed_Title" finished-at="2024-03-26T01:46:27 IST" duration-ms="6931" status="PASS">
          <reporter-output>
          </reporter-output>
        </test-method> <!-- verify_recentlyviewed_Title -->
        <test-method is-config="true" signature="close()[pri:0, instance:testcases.TC_01_Homepagetest@747f281]" started-at="2024-03-26T01:46:27 IST" name="close" finished-at="2024-03-26T01:46:27 IST" duration-ms="507" status="PASS">
          <reporter-output>
          </reporter-output>
        </test-method> <!-- close -->
        <test-method is-config="true" signature="startup()[pri:0, instance:testcases.TC_01_Homepagetest@747f281]" started-at="2024-03-26T01:46:27 IST" name="startup" finished-at="2024-03-26T01:46:30 IST" duration-ms="2508" status="PASS">
          <reporter-output>
          </reporter-output>
        </test-method> <!-- startup -->
        <test-method signature="verify_support_centre_presence()[pri:0, instance:testcases.TC_01_Homepagetest@747f281]" started-at="2024-03-26T01:46:30 IST" name="verify_support_centre_presence" finished-at="2024-03-26T01:46:36 IST" duration-ms="6272" status="PASS">
          <reporter-output>
          </reporter-output>
        </test-method> <!-- verify_support_centre_presence -->
        <test-method is-config="true" signature="close()[pri:0, instance:testcases.TC_01_Homepagetest@747f281]" started-at="2024-03-26T01:46:36 IST" name="close" finished-at="2024-03-26T01:46:37 IST" duration-ms="484" status="PASS">
          <reporter-output>
          </reporter-output>
        </test-method> <!-- close -->
        <test-method is-config="true" signature="startup()[pri:0, instance:testcases.TC_01_Homepagetest@747f281]" started-at="2024-03-26T01:46:37 IST" name="startup" finished-at="2024-03-26T01:46:39 IST" duration-ms="2527" status="PASS">
          <reporter-output>
          </reporter-output>
        </test-method> <!-- startup -->
        <test-method signature="verifylogo_on_homepage()[pri:0, instance:testcases.TC_01_Homepagetest@747f281]" started-at="2024-03-26T01:46:39 IST" name="verifylogo_on_homepage" finished-at="2024-03-26T01:46:47 IST" duration-ms="7377" status="PASS">
          <reporter-output>
          </reporter-output>
        </test-method> <!-- verifylogo_on_homepage -->
        <test-method is-config="true" signature="close()[pri:0, instance:testcases.TC_01_Homepagetest@747f281]" started-at="2024-03-26T01:46:47 IST" name="close" finished-at="2024-03-26T01:46:47 IST" duration-ms="837" status="PASS">
          <reporter-output>
          </reporter-output>
        </test-method> <!-- close -->
        <test-method is-config="true" signature="startup()[pri:0, instance:testcases.TC_01_Homepagetest@747f281]" started-at="2024-03-26T01:46:47 IST" name="startup" finished-at="2024-03-26T01:46:51 IST" duration-ms="3203" status="PASS">
          <reporter-output>
          </reporter-output>
        </test-method> <!-- startup -->
        <test-method signature="verifytitle_on_Homepage()[pri:0, instance:testcases.TC_01_Homepagetest@747f281]" started-at="2024-03-26T01:46:51 IST" name="verifytitle_on_Homepage" finished-at="2024-03-26T01:46:58 IST" duration-ms="6933" status="PASS">
          <reporter-output>
          </reporter-output>
        </test-method> <!-- verifytitle_on_Homepage -->
        <test-method is-config="true" signature="close()[pri:0, instance:testcases.TC_01_Homepagetest@747f281]" started-at="2024-03-26T01:46:58 IST" name="close" finished-at="2024-03-26T01:46:58 IST" duration-ms="498" status="PASS">
          <reporter-output>
          </reporter-output>
        </test-method> <!-- close -->
      </class> <!-- testcases.TC_01_Homepagetest -->
      <class name="testcases.TC_05_Bottomlinktest">
        <test-method is-config="true" signature="startup()[pri:0, instance:testcases.TC_05_Bottomlinktest@13b6aecc]" started-at="2024-03-26T01:39:56 IST" name="startup" finished-at="2024-03-26T01:39:58 IST" duration-ms="2528" status="PASS">
          <reporter-output>
          </reporter-output>
        </test-method> <!-- startup -->
        <test-method signature="verify_BestBuy_details()[pri:0, instance:testcases.TC_05_Bottomlinktest@13b6aecc]" started-at="2024-03-26T01:39:58 IST" name="verify_BestBuy_details" finished-at="2024-03-26T01:40:06 IST" duration-ms="7706" status="PASS">
          <reporter-output>
          </reporter-output>
        </test-method> <!-- verify_BestBuy_details -->
        <test-method is-config="true" signature="close()[pri:0, instance:testcases.TC_05_Bottomlinktest@13b6aecc]" started-at="2024-03-26T01:40:06 IST" name="close" finished-at="2024-03-26T01:40:06 IST" duration-ms="506" status="PASS">
          <reporter-output>
          </reporter-output>
        </test-method> <!-- close -->
        <test-method is-config="true" signature="startup()[pri:0, instance:testcases.TC_05_Bottomlinktest@13b6aecc]" started-at="2024-03-26T01:40:06 IST" name="startup" finished-at="2024-03-26T01:40:09 IST" duration-ms="2921" status="PASS">
          <reporter-output>
          </reporter-output>
        </test-method> <!-- startup -->
        <test-method signature="verify_order_purchase_menuitems()[pri:0, instance:testcases.TC_05_Bottomlinktest@13b6aecc]" started-at="2024-03-26T01:40:09 IST" name="verify_order_purchase_menuitems" finished-at="2024-03-26T01:40:21 IST" duration-ms="11526" status="PASS">
          <reporter-output>
          </reporter-output>
        </test-method> <!-- verify_order_purchase_menuitems -->
        <test-method is-config="true" signature="close()[pri:0, instance:testcases.TC_05_Bottomlinktest@13b6aecc]" started-at="2024-03-26T01:40:21 IST" name="close" finished-at="2024-03-26T01:40:21 IST" duration-ms="495" status="PASS">
          <reporter-output>
          </reporter-output>
        </test-method> <!-- close -->
        <test-method is-config="true" signature="startup()[pri:0, instance:testcases.TC_05_Bottomlinktest@13b6aecc]" started-at="2024-03-26T01:40:21 IST" name="startup" finished-at="2024-03-26T01:40:24 IST" duration-ms="2582" status="PASS">
          <reporter-output>
          </reporter-output>
        </test-method> <!-- startup -->
        <test-method signature="verify_patnership_details()[pri:0, instance:testcases.TC_05_Bottomlinktest@13b6aecc]" started-at="2024-03-26T01:40:24 IST" name="verify_patnership_details" finished-at="2024-03-26T01:40:31 IST" duration-ms="7121" status="PASS">
          <reporter-output>
          </reporter-output>
        </test-method> <!-- verify_patnership_details -->
        <test-method is-config="true" signature="close()[pri:0, instance:testcases.TC_05_Bottomlinktest@13b6aecc]" started-at="2024-03-26T01:40:31 IST" name="close" finished-at="2024-03-26T01:40:32 IST" duration-ms="467" status="PASS">
          <reporter-output>
          </reporter-output>
        </test-method> <!-- close -->
        <test-method is-config="true" signature="startup()[pri:0, instance:testcases.TC_05_Bottomlinktest@13b6aecc]" started-at="2024-03-26T01:40:32 IST" name="startup" finished-at="2024-03-26T01:40:34 IST" duration-ms="2494" status="PASS">
          <reporter-output>
          </reporter-output>
        </test-method> <!-- startup -->
        <test-method signature="verify_payment_details()[pri:0, instance:testcases.TC_05_Bottomlinktest@13b6aecc]" started-at="2024-03-26T01:40:34 IST" name="verify_payment_details" finished-at="2024-03-26T01:40:42 IST" duration-ms="7990" status="PASS">
          <reporter-output>
          </reporter-output>
        </test-method> <!-- verify_payment_details -->
        <test-method is-config="true" signature="close()[pri:0, instance:testcases.TC_05_Bottomlinktest@13b6aecc]" started-at="2024-03-26T01:40:42 IST" name="close" finished-at="2024-03-26T01:40:43 IST" duration-ms="465" status="PASS">
          <reporter-output>
          </reporter-output>
        </test-method> <!-- close -->
        <test-method is-config="true" signature="startup()[pri:0, instance:testcases.TC_05_Bottomlinktest@13b6aecc]" started-at="2024-03-26T01:40:43 IST" name="startup" finished-at="2024-03-26T01:40:45 IST" duration-ms="2440" status="PASS">
          <reporter-output>
          </reporter-output>
        </test-method> <!-- startup -->
        <test-method signature="verify_reward_membership_details()[pri:0, instance:testcases.TC_05_Bottomlinktest@13b6aecc]" started-at="2024-03-26T01:40:45 IST" name="verify_reward_membership_details" finished-at="2024-03-26T01:40:53 IST" duration-ms="8068" status="PASS">
          <reporter-output>
          </reporter-output>
        </test-method> <!-- verify_reward_membership_details -->
        <test-method is-config="true" signature="close()[pri:0, instance:testcases.TC_05_Bottomlinktest@13b6aecc]" started-at="2024-03-26T01:40:53 IST" name="close" finished-at="2024-03-26T01:40:54 IST" duration-ms="661" status="PASS">
          <reporter-output>
          </reporter-output>
        </test-method> <!-- close -->
        <test-method is-config="true" signature="startup()[pri:0, instance:testcases.TC_05_Bottomlinktest@13b6aecc]" started-at="2024-03-26T01:40:54 IST" name="startup" finished-at="2024-03-26T01:40:56 IST" duration-ms="2383" status="PASS">
          <reporter-output>
          </reporter-output>
        </test-method> <!-- startup -->
        <test-method signature="verify_support_service_details()[pri:0, instance:testcases.TC_05_Bottomlinktest@13b6aecc]" started-at="2024-03-26T01:40:56 IST" name="verify_support_service_details" finished-at="2024-03-26T01:41:03 IST" duration-ms="6925" status="PASS">
          <reporter-output>
          </reporter-output>
        </test-method> <!-- verify_support_service_details -->
        <test-method is-config="true" signature="close()[pri:0, instance:testcases.TC_05_Bottomlinktest@13b6aecc]" started-at="2024-03-26T01:41:03 IST" name="close" finished-at="2024-03-26T01:41:04 IST" duration-ms="547" status="PASS">
          <reporter-output>
          </reporter-output>
        </test-method> <!-- close -->
      </class> <!-- testcases.TC_05_Bottomlinktest -->
      <class name="testcases.TC_03_Signuppagetest">
        <test-method is-config="true" signature="startup()[pri:0, instance:testcases.TC_03_Signuppagetest@3c3d9b6b]" started-at="2024-03-26T01:42:21 IST" name="startup" finished-at="2024-03-26T01:42:23 IST" duration-ms="2637" status="PASS">
          <reporter-output>
          </reporter-output>
        </test-method> <!-- startup -->
        <test-method signature="signup()[pri:0, instance:testcases.TC_03_Signuppagetest@3c3d9b6b]" started-at="2024-03-26T01:42:23 IST" name="signup" finished-at="2024-03-26T01:42:42 IST" duration-ms="18445" status="PASS">
          <reporter-output>
          </reporter-output>
        </test-method> <!-- signup -->
        <test-method is-config="true" signature="close()[pri:0, instance:testcases.TC_03_Signuppagetest@3c3d9b6b]" started-at="2024-03-26T01:42:42 IST" name="close" finished-at="2024-03-26T01:42:42 IST" duration-ms="859" status="PASS">
          <reporter-output>
          </reporter-output>
        </test-method> <!-- close -->
      </class> <!-- testcases.TC_03_Signuppagetest -->
      <class name="testcases.TC_04Loginnegativecases">
        <test-method is-config="true" signature="startup()[pri:0, instance:testcases.TC_04Loginnegativecases@158a8276]" started-at="2024-03-26T01:41:07 IST" name="startup" finished-at="2024-03-26T01:41:09 IST" duration-ms="2540" status="PASS">
          <reporter-output>
          </reporter-output>
        </test-method> <!-- startup -->
        <test-method signature="Loginpage(java.lang.String,java.lang.String)[pri:0, instance:testcases.TC_04Loginnegativecases@158a8276]" started-at="2024-03-26T01:41:09 IST" name="Loginpage" data-provider="login_negativedata" finished-at="2024-03-26T01:41:33 IST" duration-ms="23697" status="PASS">
          <params>
            <param index="0">
              <value>
                <![CDATA[inbatamilan98@gmail.com]]>
              </value>
            </param>
            <param index="1">
              <value>
                <![CDATA[admin]]>
              </value>
            </param>
          </params>
          <reporter-output>
            <line>
              <![CDATA[Welcome to loginpage]]>
            </line>
          </reporter-output>
        </test-method> <!-- Loginpage -->
        <test-method is-config="true" signature="close()[pri:0, instance:testcases.TC_04Loginnegativecases@158a8276]" started-at="2024-03-26T01:41:33 IST" name="close" finished-at="2024-03-26T01:41:34 IST" duration-ms="800" status="PASS">
          <reporter-output>
          </reporter-output>
        </test-method> <!-- close -->
        <test-method is-config="true" signature="startup()[pri:0, instance:testcases.TC_04Loginnegativecases@158a8276]" started-at="2024-03-26T01:41:34 IST" name="startup" finished-at="2024-03-26T01:41:36 IST" duration-ms="2376" status="PASS">
          <reporter-output>
          </reporter-output>
        </test-method> <!-- startup -->
        <test-method signature="Loginpage(java.lang.String,java.lang.String)[pri:0, instance:testcases.TC_04Loginnegativecases@158a8276]" started-at="2024-03-26T01:41:36 IST" name="Loginpage" data-provider="login_negativedata" finished-at="2024-03-26T01:41:56 IST" duration-ms="20086" status="PASS">
          <params>
            <param index="0">
              <value>
                <![CDATA[inbatamilan98@gmail.com]]>
              </value>
            </param>
            <param index="1">
              <value>
                <![CDATA[admin123]]>
              </value>
            </param>
          </params>
          <reporter-output>
            <line>
              <![CDATA[Welcome to loginpage]]>
            </line>
          </reporter-output>
        </test-method> <!-- Loginpage -->
        <test-method is-config="true" signature="close()[pri:0, instance:testcases.TC_04Loginnegativecases@158a8276]" started-at="2024-03-26T01:41:56 IST" name="close" finished-at="2024-03-26T01:41:57 IST" duration-ms="793" status="PASS">
          <reporter-output>
          </reporter-output>
        </test-method> <!-- close -->
        <test-method is-config="true" signature="startup()[pri:0, instance:testcases.TC_04Loginnegativecases@158a8276]" started-at="2024-03-26T01:41:57 IST" name="startup" finished-at="2024-03-26T01:42:00 IST" duration-ms="3090" status="PASS">
          <reporter-output>
          </reporter-output>
        </test-method> <!-- startup -->
        <test-method signature="Loginpage(java.lang.String,java.lang.String)[pri:0, instance:testcases.TC_04Loginnegativecases@158a8276]" started-at="2024-03-26T01:42:00 IST" name="Loginpage" data-provider="login_negativedata" finished-at="2024-03-26T01:42:20 IST" duration-ms="19897" status="PASS">
          <params>
            <param index="0">
              <value>
                <![CDATA[inbatamilan98@gmail.com]]>
              </value>
            </param>
            <param index="1">
              <value is-null="true"/>
            </param>
          </params>
          <reporter-output>
            <line>
              <![CDATA[Welcome to loginpage]]>
            </line>
          </reporter-output>
        </test-method> <!-- Loginpage -->
        <test-method is-config="true" signature="close()[pri:0, instance:testcases.TC_04Loginnegativecases@158a8276]" started-at="2024-03-26T01:42:20 IST" name="close" finished-at="2024-03-26T01:42:21 IST" duration-ms="662" status="PASS">
          <reporter-output>
          </reporter-output>
        </test-method> <!-- close -->
      </class> <!-- testcases.TC_04Loginnegativecases -->
      <class name="testcases.TC_06b_shopbydepartment">
        <test-method is-config="true" signature="startup()[pri:0, instance:testcases.TC_06b_shopbydepartment@5fbe4146]" started-at="2024-03-26T01:43:12 IST" name="startup" finished-at="2024-03-26T01:43:14 IST" duration-ms="2373" status="PASS">
          <reporter-output>
          </reporter-output>
        </test-method> <!-- startup -->
        <test-method signature="add_itemsin_shopbydepartment()[pri:0, instance:testcases.TC_06b_shopbydepartment@5fbe4146]" started-at="2024-03-26T01:43:14 IST" name="add_itemsin_shopbydepartment" finished-at="2024-03-26T01:43:49 IST" duration-ms="34490" status="PASS">
          <reporter-output>
          </reporter-output>
        </test-method> <!-- add_itemsin_shopbydepartment -->
        <test-method is-config="true" signature="close()[pri:0, instance:testcases.TC_06b_shopbydepartment@5fbe4146]" started-at="2024-03-26T01:43:49 IST" name="close" finished-at="2024-03-26T01:43:50 IST" duration-ms="730" status="PASS">
          <reporter-output>
          </reporter-output>
        </test-method> <!-- close -->
      </class> <!-- testcases.TC_06b_shopbydepartment -->
      <class name="testcases.TC_02_Loginpagetest">
        <test-method is-config="true" signature="startup()[pri:0, instance:testcases.TC_02_Loginpagetest@79d8407f]" started-at="2024-03-26T01:42:42 IST" name="startup" finished-at="2024-03-26T01:42:46 IST" duration-ms="3087" status="PASS">
          <reporter-output>
          </reporter-output>
        </test-method> <!-- startup -->
        <test-method signature="Loginpage()[pri:0, instance:testcases.TC_02_Loginpagetest@79d8407f]" started-at="2024-03-26T01:42:46 IST" name="Loginpage" finished-at="2024-03-26T01:43:11 IST" duration-ms="25352" status="PASS">
          <reporter-output>
            <line>
              <![CDATA[Welcome to loginpage]]>
            </line>
          </reporter-output>
        </test-method> <!-- Loginpage -->
        <test-method is-config="true" signature="close()[pri:0, instance:testcases.TC_02_Loginpagetest@79d8407f]" started-at="2024-03-26T01:43:11 IST" name="close" finished-at="2024-03-26T01:43:12 IST" duration-ms="1168" status="PASS">
          <reporter-output>
          </reporter-output>
        </test-method> <!-- close -->
      </class> <!-- testcases.TC_02_Loginpagetest -->
    </test> <!-- Default test -->
  </suite> <!-- Default suite -->
</testng-results>
